{"/Users/hn/Desktop/CCP555/Fragments/src/app.js": {"path":"/Users/hn/Desktop/CCP555/Fragments/src/app.js","statementMap":{"0":{"start":{"line":1,"column":16},"end":{"line":1,"column":34}},"1":{"start":{"line":2,"column":13},"end":{"line":2,"column":28}},"2":{"start":{"line":3,"column":15},"end":{"line":3,"column":32}},"3":{"start":{"line":4,"column":20},"end":{"line":4,"column":42}},"4":{"start":{"line":5,"column":17},"end":{"line":5,"column":36}},"5":{"start":{"line":6,"column":22},"end":{"line":6,"column":48}},"6":{"start":{"line":7,"column":15},"end":{"line":7,"column":34}},"7":{"start":{"line":8,"column":30},"end":{"line":8,"column":51}},"8":{"start":{"line":9,"column":13},"end":{"line":11,"column":2}},"9":{"start":{"line":13,"column":0},"end":{"line":13,"column":39}},"10":{"start":{"line":15,"column":12},"end":{"line":15,"column":21}},"11":{"start":{"line":16,"column":0},"end":{"line":16,"column":14}},"12":{"start":{"line":17,"column":0},"end":{"line":17,"column":18}},"13":{"start":{"line":18,"column":0},"end":{"line":18,"column":16}},"14":{"start":{"line":19,"column":0},"end":{"line":19,"column":23}},"15":{"start":{"line":20,"column":0},"end":{"line":20,"column":31}},"16":{"start":{"line":22,"column":0},"end":{"line":22,"column":34}},"17":{"start":{"line":24,"column":0},"end":{"line":30,"column":3}},"18":{"start":{"line":25,"column":4},"end":{"line":29,"column":7}},"19":{"start":{"line":32,"column":0},"end":{"line":41,"column":3}},"20":{"start":{"line":33,"column":19},"end":{"line":33,"column":36}},"21":{"start":{"line":34,"column":20},"end":{"line":34,"column":62}},"22":{"start":{"line":36,"column":4},"end":{"line":38,"column":5}},"23":{"start":{"line":37,"column":8},"end":{"line":37,"column":56}},"24":{"start":{"line":40,"column":4},"end":{"line":40,"column":66}},"25":{"start":{"line":43,"column":0},"end":{"line":43,"column":21}}},"fnMap":{"0":{"name":"(anonymous_0)","decl":{"start":{"line":24,"column":8},"end":{"line":24,"column":9}},"loc":{"start":{"line":24,"column":22},"end":{"line":30,"column":1}},"line":24},"1":{"name":"(anonymous_1)","decl":{"start":{"line":32,"column":8},"end":{"line":32,"column":9}},"loc":{"start":{"line":32,"column":27},"end":{"line":41,"column":1}},"line":32}},"branchMap":{"0":{"loc":{"start":{"line":33,"column":19},"end":{"line":33,"column":36}},"type":"binary-expr","locations":[{"start":{"line":33,"column":19},"end":{"line":33,"column":29}},{"start":{"line":33,"column":33},"end":{"line":33,"column":36}}],"line":33},"1":{"loc":{"start":{"line":34,"column":20},"end":{"line":34,"column":62}},"type":"binary-expr","locations":[{"start":{"line":34,"column":20},"end":{"line":34,"column":31}},{"start":{"line":34,"column":35},"end":{"line":34,"column":62}}],"line":34},"2":{"loc":{"start":{"line":36,"column":4},"end":{"line":38,"column":5}},"type":"if","locations":[{"start":{"line":36,"column":4},"end":{"line":38,"column":5}},{"start":{},"end":{}}],"line":36}},"s":{"0":3,"1":3,"2":3,"3":3,"4":3,"5":3,"6":3,"7":3,"8":3,"9":3,"10":3,"11":3,"12":3,"13":3,"14":3,"15":3,"16":3,"17":3,"18":1,"19":3,"20":0,"21":0,"22":0,"23":0,"24":0,"25":3},"f":{"0":1,"1":0},"b":{"0":[0,0],"1":[0,0],"2":[0,0]},"_coverageSchema":"1a1c01bbd47fc00a2c39e90264f33305004495a9","hash":"12399ca06c13ff08587736d938f9fe159f7c02f4"}
,"/Users/hn/Desktop/CCP555/Fragments/src/logger.js": {"path":"/Users/hn/Desktop/CCP555/Fragments/src/logger.js","statementMap":{"0":{"start":{"line":4,"column":16},"end":{"line":4,"column":56}},"1":{"start":{"line":7,"column":0},"end":{"line":15,"column":1}},"2":{"start":{"line":9,"column":4},"end":{"line":14,"column":6}},"3":{"start":{"line":19,"column":0},"end":{"line":19,"column":42}}},"fnMap":{},"branchMap":{"0":{"loc":{"start":{"line":4,"column":24},"end":{"line":4,"column":55}},"type":"binary-expr","locations":[{"start":{"line":4,"column":24},"end":{"line":4,"column":45}},{"start":{"line":4,"column":49},"end":{"line":4,"column":55}}],"line":4},"1":{"loc":{"start":{"line":7,"column":0},"end":{"line":15,"column":1}},"type":"if","locations":[{"start":{"line":7,"column":0},"end":{"line":15,"column":1}},{"start":{},"end":{}}],"line":7}},"s":{"0":3,"1":3,"2":0,"3":3},"f":{},"b":{"0":[3,0],"1":[0,3]},"_coverageSchema":"1a1c01bbd47fc00a2c39e90264f33305004495a9","hash":"5c4a3b7627f9ebd92f700646e97768d3faa865be"}
,"/Users/hn/Desktop/CCP555/Fragments/src/response.js": {"path":"/Users/hn/Desktop/CCP555/Fragments/src/response.js","statementMap":{"0":{"start":{"line":1,"column":0},"end":{"line":6,"column":2}},"1":{"start":{"line":2,"column":4},"end":{"line":5,"column":6}},"2":{"start":{"line":8,"column":0},"end":{"line":16,"column":2}},"3":{"start":{"line":9,"column":4},"end":{"line":15,"column":6}}},"fnMap":{"0":{"name":"(anonymous_0)","decl":{"start":{"line":1,"column":39},"end":{"line":1,"column":40}},"loc":{"start":{"line":1,"column":55},"end":{"line":6,"column":1}},"line":1},"1":{"name":"(anonymous_1)","decl":{"start":{"line":8,"column":37},"end":{"line":8,"column":38}},"loc":{"start":{"line":8,"column":62},"end":{"line":16,"column":1}},"line":8}},"branchMap":{},"s":{"0":4,"1":7,"2":4,"3":1},"f":{"0":7,"1":1},"b":{},"_coverageSchema":"1a1c01bbd47fc00a2c39e90264f33305004495a9","hash":"85978baa25e94594f13a683e171fd867a7b6ab4f"}
,"/Users/hn/Desktop/CCP555/Fragments/src/authorization/basic-auth.js": {"path":"/Users/hn/Desktop/CCP555/Fragments/src/authorization/basic-auth.js","statementMap":{"0":{"start":{"line":1,"column":13},"end":{"line":1,"column":33}},"1":{"start":{"line":2,"column":17},"end":{"line":2,"column":36}},"2":{"start":{"line":3,"column":21},"end":{"line":3,"column":50}},"3":{"start":{"line":5,"column":0},"end":{"line":7,"column":1}},"4":{"start":{"line":6,"column":4},"end":{"line":6,"column":63}},"5":{"start":{"line":9,"column":0},"end":{"line":14,"column":6}},"6":{"start":{"line":10,"column":4},"end":{"line":14,"column":5}},"7":{"start":{"line":16,"column":0},"end":{"line":16,"column":84}},"8":{"start":{"line":16,"column":36},"end":{"line":16,"column":83}}},"fnMap":{"0":{"name":"(anonymous_0)","decl":{"start":{"line":9,"column":26},"end":{"line":9,"column":27}},"loc":{"start":{"line":10,"column":4},"end":{"line":14,"column":5}},"line":10},"1":{"name":"(anonymous_1)","decl":{"start":{"line":16,"column":30},"end":{"line":16,"column":31}},"loc":{"start":{"line":16,"column":36},"end":{"line":16,"column":83}},"line":16}},"branchMap":{"0":{"loc":{"start":{"line":5,"column":0},"end":{"line":7,"column":1}},"type":"if","locations":[{"start":{"line":5,"column":0},"end":{"line":7,"column":1}},{"start":{},"end":{}}],"line":5}},"s":{"0":3,"1":3,"2":3,"3":3,"4":0,"5":3,"6":3,"7":3,"8":3},"f":{"0":3,"1":3},"b":{"0":[0,3]},"_coverageSchema":"1a1c01bbd47fc00a2c39e90264f33305004495a9","hash":"8553219da236bdda1c94846df8e61775f234033c"}
,"/Users/hn/Desktop/CCP555/Fragments/src/authorization/index.js": {"path":"/Users/hn/Desktop/CCP555/Fragments/src/authorization/index.js","statementMap":{"0":{"start":{"line":1,"column":0},"end":{"line":9,"column":1}},"1":{"start":{"line":2,"column":4},"end":{"line":2,"column":42}},"2":{"start":{"line":4,"column":5},"end":{"line":9,"column":1}},"3":{"start":{"line":5,"column":4},"end":{"line":5,"column":45}},"4":{"start":{"line":8,"column":4},"end":{"line":8,"column":78}}},"fnMap":{},"branchMap":{"0":{"loc":{"start":{"line":1,"column":0},"end":{"line":9,"column":1}},"type":"if","locations":[{"start":{"line":1,"column":0},"end":{"line":9,"column":1}},{"start":{"line":4,"column":5},"end":{"line":9,"column":1}}],"line":1},"1":{"loc":{"start":{"line":1,"column":4},"end":{"line":1,"column":72}},"type":"binary-expr","locations":[{"start":{"line":1,"column":4},"end":{"line":1,"column":35}},{"start":{"line":1,"column":39},"end":{"line":1,"column":72}}],"line":1},"2":{"loc":{"start":{"line":4,"column":5},"end":{"line":9,"column":1}},"type":"if","locations":[{"start":{"line":4,"column":5},"end":{"line":9,"column":1}},{"start":{"line":7,"column":5},"end":{"line":9,"column":1}}],"line":4},"3":{"loc":{"start":{"line":4,"column":9},"end":{"line":4,"column":71}},"type":"binary-expr","locations":[{"start":{"line":4,"column":9},"end":{"line":4,"column":34}},{"start":{"line":4,"column":38},"end":{"line":4,"column":71}}],"line":4}},"s":{"0":3,"1":0,"2":3,"3":3,"4":0},"f":{},"b":{"0":[0,3],"1":[3,0],"2":[3,0],"3":[3,3]},"_coverageSchema":"1a1c01bbd47fc00a2c39e90264f33305004495a9","hash":"742cee6a888dda7635fa41dae54aa5403140aa45"}
,"/Users/hn/Desktop/CCP555/Fragments/src/routes/index.js": {"path":"/Users/hn/Desktop/CCP555/Fragments/src/routes/index.js","statementMap":{"0":{"start":{"line":1,"column":16},"end":{"line":1,"column":34}},"1":{"start":{"line":2,"column":23},"end":{"line":2,"column":50}},"2":{"start":{"line":4,"column":26},"end":{"line":4,"column":55}},"3":{"start":{"line":5,"column":32},"end":{"line":5,"column":54}},"4":{"start":{"line":7,"column":15},"end":{"line":7,"column":31}},"5":{"start":{"line":9,"column":0},"end":{"line":9,"column":52}},"6":{"start":{"line":11,"column":0},"end":{"line":18,"column":3}},"7":{"start":{"line":12,"column":4},"end":{"line":12,"column":47}},"8":{"start":{"line":13,"column":4},"end":{"line":17,"column":8}},"9":{"start":{"line":20,"column":0},"end":{"line":20,"column":24}}},"fnMap":{"0":{"name":"(anonymous_0)","decl":{"start":{"line":11,"column":16},"end":{"line":11,"column":17}},"loc":{"start":{"line":11,"column":30},"end":{"line":18,"column":1}},"line":11}},"branchMap":{},"s":{"0":3,"1":3,"2":3,"3":3,"4":3,"5":3,"6":3,"7":4,"8":4,"9":3},"f":{"0":4},"b":{},"_coverageSchema":"1a1c01bbd47fc00a2c39e90264f33305004495a9","hash":"b90939de775632473d54d700e9730896cc9498da"}
,"/Users/hn/Desktop/CCP555/Fragments/src/routes/api/get.js": {"path":"/Users/hn/Desktop/CCP555/Fragments/src/routes/api/get.js","statementMap":{"0":{"start":{"line":1,"column":32},"end":{"line":1,"column":57}},"1":{"start":{"line":2,"column":0},"end":{"line":4,"column":2}},"2":{"start":{"line":3,"column":4},"end":{"line":3,"column":65}}},"fnMap":{"0":{"name":"(anonymous_0)","decl":{"start":{"line":2,"column":17},"end":{"line":2,"column":18}},"loc":{"start":{"line":2,"column":31},"end":{"line":4,"column":1}},"line":2}},"branchMap":{},"s":{"0":3,"1":3,"2":1},"f":{"0":1},"b":{},"_coverageSchema":"1a1c01bbd47fc00a2c39e90264f33305004495a9","hash":"a4fb9417e74015429832099f81ce3449379c0047"}
,"/Users/hn/Desktop/CCP555/Fragments/src/routes/api/index.js": {"path":"/Users/hn/Desktop/CCP555/Fragments/src/routes/api/index.js","statementMap":{"0":{"start":{"line":1,"column":16},"end":{"line":1,"column":34}},"1":{"start":{"line":3,"column":15},"end":{"line":3,"column":31}},"2":{"start":{"line":5,"column":0},"end":{"line":5,"column":43}},"3":{"start":{"line":7,"column":0},"end":{"line":7,"column":24}}},"fnMap":{},"branchMap":{},"s":{"0":3,"1":3,"2":3,"3":3},"f":{},"b":{},"_coverageSchema":"1a1c01bbd47fc00a2c39e90264f33305004495a9","hash":"5adf9deb388601a131945095b17c830790916fc9"}
}
