TN:
SF:src/app.js
FN:24,(anonymous_0)
FN:32,(anonymous_1)
FNF:2
FNH:1
FNDA:1,(anonymous_0)
FNDA:0,(anonymous_1)
DA:1,3
DA:2,3
DA:3,3
DA:4,3
DA:5,3
DA:6,3
DA:7,3
DA:8,3
DA:9,3
DA:13,3
DA:15,3
DA:16,3
DA:17,3
DA:18,3
DA:19,3
DA:20,3
DA:22,3
DA:24,3
DA:25,1
DA:32,3
DA:33,0
DA:34,0
DA:36,0
DA:37,0
DA:40,0
DA:43,3
LF:26
LH:21
BRDA:33,0,0,0
BRDA:33,0,1,0
BRDA:34,1,0,0
BRDA:34,1,1,0
BRDA:36,2,0,0
BRDA:36,2,1,0
BRF:6
BRH:0
end_of_record
TN:
SF:src/logger.js
FNF:0
FNH:0
DA:4,3
DA:7,3
DA:9,0
DA:19,3
LF:4
LH:3
BRDA:4,0,0,3
BRDA:4,0,1,0
BRDA:7,1,0,0
BRDA:7,1,1,3
BRF:4
BRH:2
end_of_record
TN:
SF:src/response.js
FN:1,(anonymous_0)
FN:8,(anonymous_1)
FNF:2
FNH:2
FNDA:7,(anonymous_0)
FNDA:1,(anonymous_1)
DA:1,4
DA:2,7
DA:8,4
DA:9,1
LF:4
LH:4
BRF:0
BRH:0
end_of_record
TN:
SF:src/authorization/basic-auth.js
FN:9,(anonymous_0)
FN:16,(anonymous_1)
FNF:2
FNH:2
FNDA:3,(anonymous_0)
FNDA:3,(anonymous_1)
DA:1,3
DA:2,3
DA:3,3
DA:5,3
DA:6,0
DA:9,3
DA:10,3
DA:16,3
LF:8
LH:7
BRDA:5,0,0,0
BRDA:5,0,1,3
BRF:2
BRH:1
end_of_record
TN:
SF:src/authorization/index.js
FNF:0
FNH:0
DA:1,3
DA:2,0
DA:4,3
DA:5,3
DA:8,0
LF:5
LH:3
BRDA:1,0,0,0
BRDA:1,0,1,3
BRDA:1,1,0,3
BRDA:1,1,1,0
BRDA:4,2,0,3
BRDA:4,2,1,0
BRDA:4,3,0,3
BRDA:4,3,1,3
BRF:8
BRH:5
end_of_record
TN:
SF:src/routes/index.js
FN:11,(anonymous_0)
FNF:1
FNH:1
FNDA:4,(anonymous_0)
DA:1,3
DA:2,3
DA:4,3
DA:5,3
DA:7,3
DA:9,3
DA:11,3
DA:12,4
DA:13,4
DA:20,3
LF:10
LH:10
BRF:0
BRH:0
end_of_record
TN:
SF:src/routes/api/get.js
FN:2,(anonymous_0)
FNF:1
FNH:1
FNDA:1,(anonymous_0)
DA:1,3
DA:2,3
DA:3,1
LF:3
LH:3
BRF:0
BRH:0
end_of_record
TN:
SF:src/routes/api/index.js
FNF:0
FNH:0
DA:1,3
DA:3,3
DA:5,3
DA:7,3
LF:4
LH:4
BRF:0
BRH:0
end_of_record
